<?xml version="1.0" encoding="UTF-8"?>
<!-- Generated by org.testng.reporters.JUnitReportReporter -->
<testsuite hostname="Sumeet" failures="0" tests="1" name="TestNg.TestNg4" time="32.811" errors="0" timestamp="2023-02-16T22:55:31 IST" skipped="0">
  <testcase classname="TestNg.TestNg4" name="tc1" time="32.811"/>
  <system-out>
    <![CDATA[Hello TestNg]]>
  </system-out>
</testsuite> <!-- TestNg.TestNg4 -->
