<?xml version="1.0" encoding="UTF-8"?>
<!-- Generated by org.testng.reporters.JUnitReportReporter -->
<testsuite hostname="Sumit-PC" failures="0" tests="1" name="Cart.Add_Delete_Cart" time="32.355" errors="0" timestamp="2024-10-01T07:11:55 IST" skipped="0">
  <testcase classname="Cart.Add_Delete_Cart" name="accDetails" time="32.355"/>
  <system-out/>
</testsuite> <!-- Cart.Add_Delete_Cart -->
