<?xml version="1.0" encoding="UTF-8"?>
<!-- Generated by org.testng.reporters.JUnitReportReporter -->
<testsuite hostname="Sumeet" failures="0" tests="3" name="Practice.DataProvider1" time="174.578" errors="0" timestamp="2023-01-22T17:07:44 IST" skipped="0">
  <testcase classname="Practice.DataProvider1" name="companyDetails" time="24.342"/>
  <system-out/>
  <testcase classname="Practice.DataProvider1" name="companyDetails" time="116.446"/>
  <system-out/>
  <testcase classname="Practice.DataProvider1" name="companyDetails" time="33.790"/>
  <system-out/>
</testsuite> <!-- Practice.DataProvider1 -->
