<?xml version="1.0" encoding="UTF-8"?>
<!-- Generated by org.testng.reporters.JUnitReportReporter -->
<testsuite hostname="Sumit-PC" failures="0" tests="1" name="Cart.YourItems" time="53.906" errors="0" timestamp="2024-09-28T09:59:50 IST" skipped="0">
  <testcase classname="Cart.YourItems" name="BuyItAgain" time="53.906"/>
  <system-out/>
</testsuite> <!-- Cart.YourItems -->
