<?xml version="1.0" encoding="UTF-8"?>
<!-- Generated by org.testng.reporters.JUnitReportReporter -->
<testsuite hostname="Sumeet" failures="0" tests="5" name="Practice.DataProviderTest" time="0.014" errors="0" timestamp="2023-01-22T17:07:45 IST" skipped="0">
  <testcase classname="Practice.DataProviderTest" name="bookTicket" time="0.001"/>
  <system-out/>
  <testcase classname="Practice.DataProviderTest" name="bookTicket" time="0.001"/>
  <system-out/>
  <testcase classname="Practice.DataProviderTest" name="bookTicket" time="0.002"/>
  <system-out/>
  <testcase classname="Practice.DataProviderTest" name="bookTicket" time="0.006"/>
  <system-out/>
  <testcase classname="Practice.DataProviderTest" name="bookTicket" time="0.004"/>
  <system-out/>
</testsuite> <!-- Practice.DataProviderTest -->
