<?xml version="1.0" encoding="UTF-8"?>
<!-- Generated by org.testng.reporters.JUnitReportReporter -->
<testsuite hostname="Sumeet" failures="0" tests="1" name="TestNg.Listener1" time="40.736" errors="0" timestamp="2023-02-17T19:49:11 IST" skipped="0">
  <testcase classname="TestNg.Listener1" name="tc1" time="40.736"/>
  <system-out>
    <![CDATA[onTestStart
Hello Html
onTestSuccess]]>
  </system-out>
</testsuite> <!-- TestNg.Listener1 -->
