<?xml version="1.0" encoding="UTF-8"?>
<!-- Generated by org.testng.reporters.JUnitReportReporter -->
<testsuite hostname="Sumit-PC" failures="0" tests="1" name="Account.Acc_Security" time="68.908" errors="0" timestamp="2024-09-30T19:14:58 IST" skipped="0">
  <testcase classname="Account.Acc_Security" name="accDetails" time="68.908"/>
  <system-out/>
</testsuite> <!-- Account.Acc_Security -->
