<?xml version="1.0" encoding="UTF-8"?>
<!-- Generated by org.testng.reporters.JUnitReportReporter -->
<testsuite hostname="Sumit-PC" failures="0" tests="1" name="Account.Add_New_Location" time="40.075" errors="0" timestamp="2024-10-01T02:30:38 IST" skipped="0">
  <testcase classname="Account.Add_New_Location" name="accDetails" time="40.075"/>
  <system-out/>
</testsuite> <!-- Account.Add_New_Location -->
