<?xml version="1.0" encoding="UTF-8"?>
<!-- Generated by org.testng.reporters.JUnitReportReporter -->
<testsuite hostname="Sumeet" failures="0" tests="3" name="TestNg.DaProvider" time="87.180" errors="0" timestamp="2023-02-16T22:21:23 IST" skipped="0">
  <testcase classname="TestNg.DaProvider" name="tc1" time="29.145"/>
  <system-out/>
  <testcase classname="TestNg.DaProvider" name="tc1" time="26.851"/>
  <system-out/>
  <testcase classname="TestNg.DaProvider" name="tc1" time="31.184"/>
  <system-out/>
</testsuite> <!-- TestNg.DaProvider -->
