<?xml version="1.0" encoding="UTF-8"?>
<!-- Generated by org.testng.reporters.JUnitReportReporter -->
<testsuite hostname="Sumeet" failures="0" tests="3" name="Practice.SameTestPriority" time="0.005" errors="0" timestamp="2023-01-22T17:07:45 IST" skipped="0">
  <testcase classname="Practice.SameTestPriority" name="deleteCustomer" time="0.002"/>
  <system-out/>
  <testcase classname="Practice.SameTestPriority" name="createCustomer" time="0.001"/>
  <system-out/>
  <testcase classname="Practice.SameTestPriority" name="modifyCustomer" time="0.002"/>
  <system-out/>
</testsuite> <!-- Practice.SameTestPriority -->
