<?xml version="1.0" encoding="UTF-8"?>
<!-- Generated by org.testng.reporters.JUnitReportReporter -->
<testsuite hostname="Sumit-PC" failures="0" tests="1" name="Account.Prime" time="51.229" errors="0" timestamp="2024-09-30T21:00:42 IST" skipped="0">
  <testcase classname="Account.Prime" name="prime" time="51.229"/>
  <system-out/>
</testsuite> <!-- Account.Prime -->
