<?xml version="1.0" encoding="UTF-8"?>
<!-- Generated by org.testng.reporters.JUnitReportReporter -->
<testsuite hostname="Sumeet" failures="0" tests="1" name="TestNg.TestNg1" time="24.719" errors="0" timestamp="2023-02-16T22:55:31 IST" skipped="0">
  <testcase classname="TestNg.TestNg1" name="tc1" time="24.719"/>
  <system-out>
    <![CDATA[Hello Html]]>
  </system-out>
</testsuite> <!-- TestNg.TestNg1 -->
