<?xml version="1.0" encoding="UTF-8"?>
<!-- Generated by org.testng.reporters.JUnitReportReporter -->
<testsuite hostname="Sumeet" failures="0" tests="3" name="Practice.SameTest" time="0.007" errors="0" timestamp="2023-01-22T17:07:45 IST" skipped="0">
  <testcase classname="Practice.SameTest" name="createCustomer" time="0.002"/>
  <system-out/>
  <testcase classname="Practice.SameTest" name="modifyCustomer" time="0.002"/>
  <system-out/>
  <testcase classname="Practice.SameTest" name="deleteCustomer" time="0.003"/>
  <system-out/>
</testsuite> <!-- Practice.SameTest -->
