<?xml version="1.0" encoding="UTF-8"?>
<!-- Generated by org.testng.reporters.JUnitReportReporter -->
<testsuite hostname="Sumeet" failures="0" tests="1" name="TestNg.TestNg2" time="28.140" errors="0" timestamp="2023-02-16T22:55:31 IST" skipped="0">
  <testcase classname="TestNg.TestNg2" name="tc2" time="28.140"/>
  <system-out>
    <![CDATA[Hello Java]]>
  </system-out>
</testsuite> <!-- TestNg.TestNg2 -->
