<?xml version="1.0" encoding="UTF-8"?>
<!-- Generated by org.testng.reporters.JUnitReportReporter -->
<testsuite hostname="Sumeet" failures="0" tests="3" name="Practice.SameTest1" time="0.021" errors="0" timestamp="2023-01-19T23:00:27 IST" skipped="0">
  <testcase classname="Practice.SameTest1" name="createCustomer" time="0.017"/>
  <system-out/>
  <testcase classname="Practice.SameTest1" name="deleteCustomer" time="0.002"/>
  <system-out/>
  <testcase classname="Practice.SameTest1" name="modifyCustomer" time="0.002"/>
  <system-out/>
</testsuite> <!-- Practice.SameTest1 -->
