<?xml version="1.0" encoding="UTF-8"?>
<!-- Generated by org.testng.reporters.JUnitReportReporter -->
<testsuite hostname="Sumit-PC" failures="0" tests="1" name="Account.Add_Remove_Location" time="84.172" errors="0" timestamp="2024-10-01T03:08:09 IST" skipped="0">
  <testcase classname="Account.Add_Remove_Location" name="accDetails" time="84.172"/>
  <system-out/>
</testsuite> <!-- Account.Add_Remove_Location -->
