<?xml version="1.0" encoding="UTF-8"?>
<!-- Generated by org.testng.reporters.JUnitReportReporter -->
<testsuite hostname="Sumeet" failures="0" tests="1" name="TestNg.TestNg3" time="23.328" errors="0" timestamp="2023-02-16T22:55:31 IST" skipped="0">
  <testcase classname="TestNg.TestNg3" name="tc3" time="23.328"/>
  <system-out>
    <![CDATA[Hello Python]]>
  </system-out>
</testsuite> <!-- TestNg.TestNg3 -->
