<?xml version="1.0" encoding="UTF-8"?>
<!-- Generated by org.testng.reporters.JUnitReportReporter -->
<testsuite hostname="Sumeet" failures="0" tests="5" name="Practice.SampleTestInvok" time="0.007" errors="0" timestamp="2023-01-22T17:07:45 IST" skipped="0">
  <testcase classname="Practice.SampleTestInvok" name="createCustomer" time="0.002"/>
  <system-out/>
  <testcase classname="Practice.SampleTestInvok" name="modifyCustomer" time="0.001"/>
  <system-out/>
  <testcase classname="Practice.SampleTestInvok" name="createCustomer" time="0.002"/>
  <system-out/>
  <testcase classname="Practice.SampleTestInvok" name="createCustomer" time="0.001"/>
  <system-out/>
  <testcase classname="Practice.SampleTestInvok" name="deleteCustomer" time="0.001"/>
  <system-out/>
</testsuite> <!-- Practice.SampleTestInvok -->
