<?xml version="1.0" encoding="UTF-8"?>
<!-- Generated by org.testng.reporters.JUnitReportReporter -->
<testsuite hostname="Sumit-PC" failures="0" tests="1" name="Account.YourAccount" time="37.522" errors="0" timestamp="2024-09-30T15:36:09 IST" skipped="0">
  <testcase classname="Account.YourAccount" name="accDetails" time="37.522"/>
  <system-out/>
</testsuite> <!-- Account.YourAccount -->
