<?xml version="1.0" encoding="UTF-8"?>
<!-- Generated by org.testng.reporters.JUnitReportReporter -->
<testsuite hostname="Sumit-PC" failures="0" tests="1" name="All_Category.Explore_All" time="29.879" errors="0" timestamp="2024-10-01T19:40:57 IST" skipped="0">
  <testcase classname="All_Category.Explore_All" name="accDetails" time="29.879"/>
  <system-out/>
</testsuite> <!-- All_Category.Explore_All -->
