<?xml version="1.0" encoding="UTF-8"?>
<!-- Generated by org.testng.reporters.JUnitReportReporter -->
<testsuite hostname="Sumit-PC" failures="0" tests="1" name="Account.Customer_Care" time="39.936" errors="0" timestamp="2024-10-01T04:09:24 IST" skipped="0">
  <testcase classname="Account.Customer_Care" name="accDetails" time="39.936"/>
  <system-out/>
</testsuite> <!-- Account.Customer_Care -->
