<?xml version="1.0" encoding="UTF-8"?>
<!-- Generated by org.testng.reporters.JUnitReportReporter -->
<testsuite hostname="Sumeet" failures="0" tests="1" name="Practice.FetchProductData1" time="178.108" errors="0" timestamp="2023-01-20T00:35:18 IST" skipped="0">
  <testcase classname="Practice.FetchProductData1" name="FetchProductData1" time="178.108"/>
  <system-out/>
</testsuite> <!-- Practice.FetchProductData1 -->
