<?xml version="1.0" encoding="UTF-8"?>
<!-- Generated by org.testng.reporters.JUnitReportReporter -->
<testsuite hostname="Sumit-PC" failures="0" tests="1" name="Cart.Add_To_Cart" time="28.542" errors="0" timestamp="2024-10-01T07:01:43 IST" skipped="0">
  <testcase classname="Cart.Add_To_Cart" name="accDetails" time="28.542"/>
  <system-out/>
</testsuite> <!-- Cart.Add_To_Cart -->
