<?xml version="1.0" encoding="UTF-8"?>
<!-- Generated by org.testng.reporters.JUnitReportReporter -->
<testsuite hostname="Sumit-PC" failures="0" tests="1" name="Account.Amazon_Pay_Balance" time="48.943" errors="0" timestamp="2024-10-01T05:54:22 IST" skipped="0">
  <testcase classname="Account.Amazon_Pay_Balance" name="accDetails" time="48.943"/>
  <system-out/>
</testsuite> <!-- Account.Amazon_Pay_Balance -->
