<?xml version="1.0" encoding="UTF-8"?>
<!-- Generated by org.testng.reporters.JUnitReportReporter -->
<testsuite hostname="Sumeet" failures="0" tests="4" name="TestNg.Method" time="0.025" errors="0" timestamp="2023-02-17T00:02:42 IST" skipped="0">
  <testcase classname="TestNg.Method" name="deleteCustomer" time="0.002"/>
  <system-out>
    <![CDATA[deleteCustomer]]>
  </system-out>
  <testcase classname="TestNg.Method" name="DeleteProject" time="0.010"/>
  <system-out>
    <![CDATA[DeleteProject]]>
  </system-out>
  <testcase classname="TestNg.Method" name="createProject" time="0.010"/>
  <system-out>
    <![CDATA[createProject]]>
  </system-out>
  <testcase classname="TestNg.Method" name="createCustomer" time="0.003"/>
  <system-out>
    <![CDATA[createCustomer]]>
  </system-out>
</testsuite> <!-- TestNg.Method -->
