<?xml version="1.0" encoding="UTF-8"?>
<!-- Generated by org.testng.reporters.JUnitReportReporter -->
<testsuite hostname="Sumeet" failures="0" tests="2" name="TestNg.Grouping" time="0.019" errors="0" timestamp="2023-02-17T00:14:45 IST" skipped="0">
  <testcase classname="TestNg.Grouping" name="createCustomer" time="0.016"/>
  <system-out>
    <![CDATA[createCustomer]]>
  </system-out>
  <testcase classname="TestNg.Grouping" name="deleteCustomer" time="0.003"/>
  <system-out>
    <![CDATA[deleteCustomer]]>
  </system-out>
</testsuite> <!-- TestNg.Grouping -->
