<?xml version="1.0" encoding="UTF-8"?>
<!-- Generated by org.testng.reporters.JUnitReportReporter -->
<testsuite hostname="Sumit-PC" failures="0" tests="1" name="Cart.ViewCart" time="19.334" errors="0" timestamp="2024-10-01T07:00:29 IST" skipped="0">
  <testcase classname="Cart.ViewCart" name="ViewYourCart" time="19.334"/>
  <system-out/>
</testsuite> <!-- Cart.ViewCart -->
